c:\users\arhea\source\repos\dmv\dmv\x64\debug\vc143.pdb
c:\users\arhea\source\repos\dmv\dmv\x64\debug\vc143.idb
c:\users\arhea\source\repos\dmv\dmv\x64\debug\trait.obj
c:\users\arhea\source\repos\dmv\dmv\x64\debug\spell.obj
c:\users\arhea\source\repos\dmv\dmv\x64\debug\pack.obj
c:\users\arhea\source\repos\dmv\dmv\x64\debug\item.obj
c:\users\arhea\source\repos\dmv\dmv\x64\debug\harmonylib.obj
c:\users\arhea\source\repos\dmv\dmv\x64\debug\gui.obj
c:\users\arhea\source\repos\dmv\dmv\x64\debug\dmv.obj
c:\users\arhea\source\repos\dmv\dmv\x64\debug\race.obj
c:\users\arhea\source\repos\dmv\dmv\x64\debug\orcbrew.obj
c:\users\arhea\source\repos\dmv\dmv\x64\debug\hpack.obj
c:\users\arhea\source\repos\dmv\dmv\x64\debug\emptytest.obj
c:\users\arhea\source\repos\dmv\dmv\x64\debug\dmv.obj.enc
c:\users\arhea\source\repos\dmv\dmv\x64\debug\gui.obj.enc
c:\users\arhea\source\repos\dmv\dmv\x64\debug\harmonylib.obj.enc
c:\users\arhea\source\repos\dmv\dmv\x64\debug\hpack.obj.enc
c:\users\arhea\source\repos\dmv\dmv\x64\debug\orcbrew.obj.enc
c:\users\arhea\source\repos\dmv\dmv\x64\debug\pack.obj.enc
c:\users\arhea\source\repos\dmv\x64\debug\dmv.pdb
c:\users\arhea\source\repos\dmv\dmv\x64\debug\dmv.tlog\cl.command.1.tlog
c:\users\arhea\source\repos\dmv\dmv\x64\debug\dmv.tlog\cl.read.1.tlog
c:\users\arhea\source\repos\dmv\dmv\x64\debug\dmv.tlog\cl.write.1.tlog
c:\users\arhea\source\repos\dmv\dmv\x64\debug\dmv.tlog\link-cvtres.read.1.tlog
c:\users\arhea\source\repos\dmv\dmv\x64\debug\dmv.tlog\link-cvtres.write.1.tlog
c:\users\arhea\source\repos\dmv\dmv\x64\debug\dmv.tlog\link-rc.read.1.tlog
c:\users\arhea\source\repos\dmv\dmv\x64\debug\dmv.tlog\link-rc.write.1.tlog
c:\users\arhea\source\repos\dmv\dmv\x64\debug\dmv.tlog\link.28044-cvtres.read.1.tlog
c:\users\arhea\source\repos\dmv\dmv\x64\debug\dmv.tlog\link.28044-cvtres.write.1.tlog
c:\users\arhea\source\repos\dmv\dmv\x64\debug\dmv.tlog\link.28044-rc.read.1.tlog
c:\users\arhea\source\repos\dmv\dmv\x64\debug\dmv.tlog\link.28044-rc.write.1.tlog
c:\users\arhea\source\repos\dmv\dmv\x64\debug\dmv.tlog\link.28044.read.1.tlog
c:\users\arhea\source\repos\dmv\dmv\x64\debug\dmv.tlog\link.28044.read.2.tlog
c:\users\arhea\source\repos\dmv\dmv\x64\debug\dmv.tlog\link.28044.write.1.tlog
c:\users\arhea\source\repos\dmv\dmv\x64\debug\dmv.tlog\link.command.1.tlog
c:\users\arhea\source\repos\dmv\dmv\x64\debug\dmv.tlog\link.read.1.tlog
c:\users\arhea\source\repos\dmv\dmv\x64\debug\dmv.tlog\link.read.2.tlog
c:\users\arhea\source\repos\dmv\dmv\x64\debug\dmv.tlog\link.write.1.tlog
