c:\users\arhea\source\repos\dmv\dmv\x64\release\vc143.pdb
c:\users\arhea\source\repos\dmv\dmv\x64\release\trait.obj
c:\users\arhea\source\repos\dmv\dmv\x64\release\spell.obj
c:\users\arhea\source\repos\dmv\dmv\x64\release\race.obj
c:\users\arhea\source\repos\dmv\dmv\x64\release\pack.obj
c:\users\arhea\source\repos\dmv\dmv\x64\release\orcbrew.obj
c:\users\arhea\source\repos\dmv\dmv\x64\release\item.obj
c:\users\arhea\source\repos\dmv\dmv\x64\release\hpack.obj
c:\users\arhea\source\repos\dmv\dmv\x64\release\harmonylib.obj
c:\users\arhea\source\repos\dmv\dmv\x64\release\gui.obj
c:\users\arhea\source\repos\dmv\dmv\x64\release\dmv.obj
c:\users\arhea\source\repos\dmv\x64\release\dmv.exe
c:\users\arhea\source\repos\dmv\dmv\x64\release\dmv.ipdb
c:\users\arhea\source\repos\dmv\x64\release\dmv.pdb
c:\users\arhea\source\repos\dmv\dmv\x64\release\dmv.iobj
c:\users\arhea\source\repos\dmv\dmv\x64\release\dmv.tlog\cl.command.1.tlog
c:\users\arhea\source\repos\dmv\dmv\x64\release\dmv.tlog\cl.read.1.tlog
c:\users\arhea\source\repos\dmv\dmv\x64\release\dmv.tlog\cl.write.1.tlog
c:\users\arhea\source\repos\dmv\dmv\x64\release\dmv.tlog\link.command.1.tlog
c:\users\arhea\source\repos\dmv\dmv\x64\release\dmv.tlog\link.read.1.tlog
c:\users\arhea\source\repos\dmv\dmv\x64\release\dmv.tlog\link.write.1.tlog
